<?xml version="1.0" encoding="UTF-8"?>
<testng-results ignored="0" total="1" passed="1" failed="0" skipped="0">
  <reporter-output>
  </reporter-output>
  <suite started-at="2023-03-30T18:46:55 IST" name="Default suite" finished-at="2023-03-30T18:47:02 IST" duration-ms="7742">
    <groups>
    </groups>
    <test started-at="2023-03-30T18:46:55 IST" name="Default test" finished-at="2023-03-30T18:47:02 IST" duration-ms="7742">
      <class name="Alert.alertUser">
        <test-method signature="Method()[pri:0, instance:Alert.alertUser@63a12c68]" started-at="2023-03-30T18:46:55 IST" name="Method" finished-at="2023-03-30T18:47:02 IST" duration-ms="7676" status="PASS">
          <reporter-output>
          </reporter-output>
        </test-method> <!-- Method -->
      </class> <!-- Alert.alertUser -->
    </test> <!-- Default test -->
  </suite> <!-- Default suite -->
</testng-results>
